\BOOKMARK [1][-]{section.1}{When does the year "begin" for you?}{}% 1
\BOOKMARK [2][-]{subsection.1.1}{Logical Years}{section.1}% 2
\BOOKMARK [1][-]{section.2}{My Past Year in Research : Jan 2020 - May 2021}{}% 3
\BOOKMARK [2][-]{subsection.2.1}{Abstraction}{section.2}% 4
\BOOKMARK [2][-]{subsection.2.2}{Regression}{section.2}% 5
\BOOKMARK [2][-]{subsection.2.3}{Classifcation}{section.2}% 6
\BOOKMARK [2][-]{subsection.2.4}{Reinforcement Learning}{section.2}% 7
\BOOKMARK [3][-]{subsubsection.2.4.1}{Scientist Agents}{subsection.2.4}% 8
\BOOKMARK [3][-]{subsubsection.2.4.2}{MARL}{subsection.2.4}% 9
\BOOKMARK [2][-]{subsection.2.5}{Causal Learning}{section.2}% 10
\BOOKMARK [1][-]{section.3}{By Research Project/Topic}{}% 11
\BOOKMARK [2][-]{subsection.3.1}{Domain: Medical Imaging}{section.3}% 12
\BOOKMARK [2][-]{subsection.3.2}{Causality}{section.3}% 13
\BOOKMARK [2][-]{subsection.3.3}{Autonomous Driving}{section.3}% 14
\BOOKMARK [1][-]{section.4}{Paper Lists}{}% 15
\BOOKMARK [2][-]{subsection.4.1}{Published 2021}{section.4}% 16
\BOOKMARK [3][-]{subsubsection.4.1.1}{CANAI-2021 \(bellinger2021canai\)}{subsection.4.1}% 17
\BOOKMARK [3][-]{subsubsection.4.1.2}{AAMAS-2021 : Partially Observable Mean Field Reinforcement Learning}{subsection.4.1}% 18
\BOOKMARK [3][-]{subsubsection.4.1.3}{ISBI-2021 : Magnification Generalization for Histopathology Image Embedding}{subsection.4.1}% 19
\BOOKMARK [3][-]{subsubsection.4.1.4}{ICPR-2021 : Batch-Incremental Triplet Sampling for Training Triplet Networks Using Bayesian Updating Theorem}{subsection.4.1}% 20
\BOOKMARK [2][-]{subsection.4.2}{Published 2020}{section.4}% 21
\BOOKMARK [3][-]{subsubsection.4.2.1}{CanAI-2020 : Reinforcement Learning in a Physics-Inspired Semi-Markov Environment}{subsection.4.2}% 22
\BOOKMARK [3][-]{subsubsection.4.2.2}{EMBC-2020 : Supervision and Source Domain Impact on Representation Learning: A Histopathology Case Study}{subsection.4.2}% 23
\BOOKMARK [3][-]{subsubsection.4.2.3}{CDC-2020 : Distributed Nonlinear Model Predictive Control and Metric Learning for Heterogeneous Vehicle Platooning with Cut-in/Cut-out Maneuvers}{subsection.4.2}% 24
\BOOKMARK [3][-]{subsubsection.4.2.4}{ICIAR-2020 : Generalized Subspace Learning by Roweis Discriminant Analysis}{subsection.4.2}% 25
\BOOKMARK [3][-]{subsubsection.4.2.5}{ICMI-2020 : Using Emotions to Complement Multi-Modal Human-Robot Interaction in Urban Search and Rescue Scenarios}{subsection.4.2}% 26
\BOOKMARK [3][-]{subsubsection.4.2.6}{SMC-2020 : Isolation Mondrian Forest for Batch and Online Anomaly Detection}{subsection.4.2}% 27
\BOOKMARK [3][-]{subsubsection.4.2.7}{EnvRevJrnl-2020 : A review of machine learning applications in wildfire science and management}{subsection.4.2}% 28
\BOOKMARK [3][-]{subsubsection.4.2.8}{ICMI-2020 : Recognition of a Robot's Affective Expressions under Conditions with Limited Visibility}{subsection.4.2}% 29
\BOOKMARK [3][-]{subsubsection.4.2.9}{ISCV-2020 : Offline versus Online Triplet Mining based on Extreme Distances of Histopathology Patches}{subsection.4.2}% 30
\BOOKMARK [3][-]{subsubsection.4.2.10}{Patent-2020 : Multi-Level Collaborative Control System With Dual Neural Network Planning For Autonomous Vehicle Control In A Noisy Environment}{subsection.4.2}% 31
\BOOKMARK [3][-]{subsubsection.4.2.11}{CanAI-2020 : Deep Multi Agent Reinforcement Learning for Autonomous Driving}{subsection.4.2}% 32
\BOOKMARK [3][-]{subsubsection.4.2.12}{IJCNN-2020 : Fisher Discriminant Triplet and Contrastive Losses for Training Siamese Networks}{subsection.4.2}% 33
\BOOKMARK [3][-]{subsubsection.4.2.13}{ICIAR-2020 : Weighted Fisher Discriminant Analysis in the Input and Feature Spaces}{subsection.4.2}% 34
\BOOKMARK [3][-]{subsubsection.4.2.14}{ICIAR-2020 : Backprojection for Training Feedforward Neural Networks in the Input and Feature Spaces}{subsection.4.2}% 35
\BOOKMARK [3][-]{subsubsection.4.2.15}{ICIAR-2020 : Theoretical Insights into the Use of Structural Similarity Index In Generative Models and Inferential Autoencoders}{subsection.4.2}% 36
\BOOKMARK [3][-]{subsubsection.4.2.16}{CanAI-2020 : Anomaly Detection and Prototype Selection Using Polyhedron Curvature}{subsection.4.2}% 37
\BOOKMARK [2][-]{subsection.4.3}{Published 2019}{section.4}% 38
\BOOKMARK [3][-]{subsubsection.4.3.1}{AAMAS-2019 : Training Cooperative Agents for Multi-Agent Reinforcement Learning}{subsection.4.3}% 39
\BOOKMARK [3][-]{subsubsection.4.3.2}{SciKnow-2019 : Semantic Workflows and Machine Learning for the Assessment of Carbon Storage by Urban Trees}{subsection.4.3}% 40
\BOOKMARK [3][-]{subsubsection.4.3.3}{TAC-ITS-2019 : Comparison of Deep Learning models for Determining Road Surface Condition from Roadside Camera Images and Weather Data}{subsection.4.3}% 41
\BOOKMARK [3][-]{subsubsection.4.3.4}{CanAI-2019 : Instance Ranking and Numerosity Reduction Using Matrix Decomposition and Subspace Learning}{subsection.4.3}% 42
\BOOKMARK [3][-]{subsubsection.4.3.5}{CARSP-2019 : Integration of Roadside Camera Images and Weather Data for monitoring Winter Road Surface Conditions}{subsection.4.3}% 43
\BOOKMARK [2][-]{subsection.4.4}{Showcased Papers}{section.4}% 44
\BOOKMARK [3][-]{subsubsection.4.4.1}{CanAI-2021 : Active Measure Reinforcement Learning for Observation Cost Minimization: A framework for minimizing measurement costs in reinforcement learning}{subsection.4.4}% 45
\BOOKMARK [3][-]{subsubsection.4.4.2}{AAMAS-2021 : Partially Observable Mean Field Reinforcement Learning}{subsection.4.4}% 46
\BOOKMARK [3][-]{subsubsection.4.4.3}{ICPR-2021 : Batch-Incremental Triplet Sampling for Training Triplet Networks Using Bayesian Updating Theorem}{subsection.4.4}% 47
\BOOKMARK [3][-]{subsubsection.4.4.4}{CanAI-2020 : Reinforcement Learning in a Physics-Inspired Semi-Markov Environment}{subsection.4.4}% 48
\BOOKMARK [3][-]{subsubsection.4.4.5}{EMBC-2020 : Supervision and Source Domain Impact on Representation Learning: A Histopathology Case Study}{subsection.4.4}% 49
\BOOKMARK [3][-]{subsubsection.4.4.6}{CDC-2020 : Distributed Nonlinear Model Predictive Control and Metric Learning for Heterogeneous Vehicle Platooning with Cut-in/Cut-out Maneuvers}{subsection.4.4}% 50
\BOOKMARK [3][-]{subsubsection.4.4.7}{SMC-2020 : Isolation Mondrian Forest for Batch and Online Anomaly Detection}{subsection.4.4}% 51
\BOOKMARK [3][-]{subsubsection.4.4.8}{EnvRevJrnl-2020 : A review of machine learning applications in wildfire science and management}{subsection.4.4}% 52
\BOOKMARK [3][-]{subsubsection.4.4.9}{ICMI-2020 : Recognition of a Robot's Affective Expressions under Conditions with Limited Visibility}{subsection.4.4}% 53
\BOOKMARK [3][-]{subsubsection.4.4.10}{CanAI-2020 : Deep Multi Agent Reinforcement Learning for Autonomous Driving}{subsection.4.4}% 54
\BOOKMARK [3][-]{subsubsection.4.4.11}{SciKnow-2019 : Semantic Workflows and Machine Learning for the Assessment of Carbon Storage by Urban Trees}{subsection.4.4}% 55
\BOOKMARK [3][-]{subsubsection.4.4.12}{CanAI-2019 : Instance Ranking and Numerosity Reduction Using Matrix Decomposition and Subspace Learning}{subsection.4.4}% 56
\BOOKMARK [3][-]{subsubsection.4.4.13}{ICIAR-2019 : Principal Component Analysis Using Structural Similarity Index for Images}{subsection.4.4}% 57
\BOOKMARK [3][-]{subsubsection.4.4.14}{CanAI-2018 : Combining MCTS and A3C for prediction of spatially spreading processes in forest wildfire settings}{subsection.4.4}% 58
\BOOKMARK [3][-]{subsubsection.4.4.15}{-2018 : Using Spatial Reinforcement Learning to Build Forest Wildfire Dynamics Models From Satellite Images}{subsection.4.4}% 59
\BOOKMARK [3][-]{subsubsection.4.4.16}{-2017 : AI Education Through Real World Problems}{subsection.4.4}% 60
\BOOKMARK [3][-]{subsubsection.4.4.17}{RLDM-2017 : Learning Forest Wildfire Dynamics from Satellite Images Using Reinforcement Learning}{subsection.4.4}% 61
\BOOKMARK [3][-]{subsubsection.4.4.18}{-2016 : Anomaly Detection Using Inter-Arrival Curves for Real-time Systems}{subsection.4.4}% 62
\BOOKMARK [3][-]{subsubsection.4.4.19}{-2015 : PAC Optimal MDP Planning with Application to Invasive Species Management}{subsection.4.4}% 63
\BOOKMARK [3][-]{subsubsection.4.4.20}{-2014 : Using equilibrium policy gradients for spatiotemporal planning in forest ecosystem management}{subsection.4.4}% 64
\BOOKMARK [3][-]{subsubsection.4.4.21}{-2013 : Allowing a wildfire to burn: Estimating the effect on future fire suppression costs}{subsection.4.4}% 65
\BOOKMARK [3][-]{subsubsection.4.4.22}{-2013 : PAC Optimal Planning for Invasive Species Management: Improved Exploration for Reinforcement Learning from Simulator-Defined MDPs}{subsection.4.4}% 66
\BOOKMARK [3][-]{subsubsection.4.4.23}{-2013 : Cyclic causal models with discrete variables: Markov chain equilibrium semantics and sample ordering}{subsection.4.4}% 67
