This is pdfTeX, Version 3.14159265-2.6-1.40.20 (TeX Live 2019) (preloaded format=pdflatex 2020.4.6)  3 JUN 2021 21:32
entering extended mode
 restricted \write18 enabled.
 file:line:error style messages enabled.
 %&-line parsing enabled.
**main.tex
(./main.tex
LaTeX2e <2020-02-02> patch level 5
L3 programming layer <2020-02-25> (/usr/local/texlive/2019/texmf-dist/tex/latex/base/article.cls
Document Class: article 2019/12/20 v1.4l Standard LaTeX document class
(/usr/local/texlive/2019/texmf-dist/tex/latex/base/size10.clo
File: size10.clo 2019/12/20 v1.4l Standard LaTeX file (size option)
)
\c@part=\count167
\c@section=\count168
\c@subsection=\count169
\c@subsubsection=\count170
\c@paragraph=\count171
\c@subparagraph=\count172
\c@figure=\count173
\c@table=\count174
\abovecaptionskip=\skip47
\belowcaptionskip=\skip48
\bibindent=\dimen134
) (/usr/local/texlive/2019/texmf-dist/tex/latex/base/inputenc.sty
Package: inputenc 2018/08/11 v1.3c Input encoding file
\inpenc@prehook=\toks15
\inpenc@posthook=\toks16
) (/usr/local/texlive/2019/texmf-dist/tex/latex/psnfss/times.sty
Package: times 2005/04/12 PSNFSS-v9.2a (SPQR) 
) (/usr/local/texlive/2019/texmf-dist/tex/latex/natbib/natbib.sty
Package: natbib 2010/09/13 8.31b (PWD, AO)
\bibhang=\skip49
\bibsep=\skip50
LaTeX Info: Redefining \cite on input line 694.
\c@NAT@ctr=\count175
) (/usr/local/texlive/2019/texmf-dist/tex/latex/url/url.sty
\Urlmuskip=\muskip16
Package: url 2013/09/16  ver 3.4  Verb mode for urls, etc.
) (/usr/local/texlive/2019/texmf-dist/tex/latex/xcolor/xcolor.sty
Package: xcolor 2016/05/11 v2.12 LaTeX color extensions (UK)
 (/usr/local/texlive/2019/texmf-dist/tex/latex/graphics-cfg/color.cfg
File: color.cfg 2016/01/02 v1.6 sample color configuration
)
Package xcolor Info: Driver file: pdftex.def on input line 225.
 (/usr/local/texlive/2019/texmf-dist/tex/latex/graphics-def/pdftex.def
File: pdftex.def 2018/01/08 v1.0l Graphics/color driver for pdftex
)
Package xcolor Info: Model `cmy' substituted by `cmy0' on input line 1348.
Package xcolor Info: Model `hsb' substituted by `rgb' on input line 1352.
Package xcolor Info: Model `RGB' extended on input line 1364.
Package xcolor Info: Model `HTML' substituted by `rgb' on input line 1366.
Package xcolor Info: Model `Hsb' substituted by `hsb' on input line 1367.
Package xcolor Info: Model `tHsb' substituted by `hsb' on input line 1368.
Package xcolor Info: Model `HSB' substituted by `hsb' on input line 1369.
Package xcolor Info: Model `Gray' substituted by `gray' on input line 1370.
Package xcolor Info: Model `wave' substituted by `hsb' on input line 1371.
) (/usr/local/texlive/2019/texmf-dist/tex/latex/hyperref/hyperref.sty
Package: hyperref 2020/01/14 v7.00d Hypertext links for LaTeX
 (/usr/local/texlive/2019/texmf-dist/tex/generic/ltxcmds/ltxcmds.sty
Package: ltxcmds 2019/12/15 v1.24 LaTeX kernel commands for general use (HO)
) (/usr/local/texlive/2019/texmf-dist/tex/generic/iftex/iftex.sty
Package: iftex 2019/11/07 v1.0c TeX engine tests
) (/usr/local/texlive/2019/texmf-dist/tex/latex/pdftexcmds/pdftexcmds.sty
Package: pdftexcmds 2019/11/24 v0.31 Utility functions of pdfTeX for LuaTeX (HO)
 (/usr/local/texlive/2019/texmf-dist/tex/generic/infwarerr/infwarerr.sty
Package: infwarerr 2019/12/03 v1.5 Providing info/warning/error messages (HO)
)
Package pdftexcmds Info: \pdf@primitive is available.
Package pdftexcmds Info: \pdf@ifprimitive is available.
Package pdftexcmds Info: \pdfdraftmode found.
) (/usr/local/texlive/2019/texmf-dist/tex/latex/graphics/keyval.sty
Package: keyval 2014/10/28 v1.15 key=value parser (DPC)
\KV@toks@=\toks17
) (/usr/local/texlive/2019/texmf-dist/tex/generic/kvsetkeys/kvsetkeys.sty
Package: kvsetkeys 2019/12/15 v1.18 Key value parser (HO)
) (/usr/local/texlive/2019/texmf-dist/tex/generic/kvdefinekeys/kvdefinekeys.sty
Package: kvdefinekeys 2019-12-19 v1.6 Define keys (HO)
) (/usr/local/texlive/2019/texmf-dist/tex/generic/pdfescape/pdfescape.sty
Package: pdfescape 2019/12/09 v1.15 Implements pdfTeX's escape features (HO)
) (/usr/local/texlive/2019/texmf-dist/tex/latex/hycolor/hycolor.sty
Package: hycolor 2020-01-27 v1.10 Color options for hyperref/bookmark (HO)
) (/usr/local/texlive/2019/texmf-dist/tex/latex/letltxmacro/letltxmacro.sty
Package: letltxmacro 2019/12/03 v1.6 Let assignment for LaTeX macros (HO)
) (/usr/local/texlive/2019/texmf-dist/tex/latex/auxhook/auxhook.sty
Package: auxhook 2019-12-17 v1.6 Hooks for auxiliary files (HO)
) (/usr/local/texlive/2019/texmf-dist/tex/latex/kvoptions/kvoptions.sty
Package: kvoptions 2019/11/29 v3.13 Key value format for package options (HO)
)
\@linkdim=\dimen135
\Hy@linkcounter=\count176
\Hy@pagecounter=\count177
 (/usr/local/texlive/2019/texmf-dist/tex/latex/hyperref/pd1enc.def
File: pd1enc.def 2020/01/14 v7.00d Hyperref: PDFDocEncoding definition (HO)
Now handling font encoding PD1 ...
... no UTF-8 mapping file for font encoding PD1
) (/usr/local/texlive/2019/texmf-dist/tex/generic/intcalc/intcalc.sty
Package: intcalc 2019/12/15 v1.3 Expandable calculations with integers (HO)
) (/usr/local/texlive/2019/texmf-dist/tex/generic/etexcmds/etexcmds.sty
Package: etexcmds 2019/12/15 v1.7 Avoid name clashes with e-TeX commands (HO)
)
\Hy@SavedSpaceFactor=\count178
\pdfmajorversion=\count179
Package hyperref Info: Hyper figures OFF on input line 4547.
Package hyperref Info: Link nesting OFF on input line 4552.
Package hyperref Info: Hyper index ON on input line 4555.
Package hyperref Info: Plain pages OFF on input line 4562.
Package hyperref Info: Backreferencing OFF on input line 4567.
Package hyperref Info: Implicit mode ON; LaTeX internals redefined.
Package hyperref Info: Bookmarks ON on input line 4800.
\c@Hy@tempcnt=\count180
LaTeX Info: Redefining \url on input line 5159.
\XeTeXLinkMargin=\dimen136
 (/usr/local/texlive/2019/texmf-dist/tex/generic/bitset/bitset.sty
Package: bitset 2019/12/09 v1.3 Handle bit-vector datatype (HO)
 (/usr/local/texlive/2019/texmf-dist/tex/generic/bigintcalc/bigintcalc.sty
Package: bigintcalc 2019/12/15 v1.5 Expandable calculations on big integers (HO)
))
\Fld@menulength=\count181
\Field@Width=\dimen137
\Fld@charsize=\dimen138
Package hyperref Info: Hyper figures OFF on input line 6430.
Package hyperref Info: Link nesting OFF on input line 6435.
Package hyperref Info: Hyper index ON on input line 6438.
Package hyperref Info: backreferencing OFF on input line 6445.
Package hyperref Info: Link coloring OFF on input line 6450.
Package hyperref Info: Link coloring with OCG OFF on input line 6455.
Package hyperref Info: PDF/A mode OFF on input line 6460.
LaTeX Info: Redefining \ref on input line 6500.
LaTeX Info: Redefining \pageref on input line 6504.
 (/usr/local/texlive/2019/texmf-dist/tex/generic/atbegshi/atbegshi.sty
Package: atbegshi 2019/12/05 v1.19 At begin shipout hook (HO)
)
\Hy@abspage=\count182
\c@Item=\count183
\c@Hfootnote=\count184
)
Package hyperref Info: Driver (autodetected): hpdftex.
 (/usr/local/texlive/2019/texmf-dist/tex/latex/hyperref/hpdftex.def
File: hpdftex.def 2020/01/14 v7.00d Hyperref driver for pdfTeX
 (/usr/local/texlive/2019/texmf-dist/tex/latex/atveryend/atveryend.sty
Package: atveryend 2019-12-11 v1.11 Hooks at the very end of document (HO)
Package atveryend Info: \enddocument detected (standard20110627).
)
\Fld@listcount=\count185
\c@bookmark@seq@number=\count186
 (/usr/local/texlive/2019/texmf-dist/tex/latex/rerunfilecheck/rerunfilecheck.sty
Package: rerunfilecheck 2019/12/05 v1.9 Rerun checks for auxiliary files (HO)
 (/usr/local/texlive/2019/texmf-dist/tex/generic/uniquecounter/uniquecounter.sty
Package: uniquecounter 2019/12/15 v1.4 Provide unlimited unique counter (HO)
)
Package uniquecounter Info: New unique counter `rerunfilecheck' on input line 286.
)
\Hy@SectionHShift=\skip51
)
Package hyperref Info: Option `colorlinks' set `true' on input line 9.
 (/usr/local/texlive/2019/texmf-dist/tex/latex/oberdiek/hypcap.sty
Package: hypcap 2016/05/16 v1.12 Adjusting the anchors of captions (HO)
) (/usr/local/texlive/2019/texmf-dist/tex/latex/l3backend/l3backend-pdfmode.def
File: l3backend-pdfmode.def 2020-02-23 L3 backend support: PDF mode
\l__kernel_color_stack_int=\count187
\l__pdf_internal_box=\box45
) (./main.aux)
\openout1 = `main.aux'.

LaTeX Font Info:    Checking defaults for OML/cmm/m/it on input line 21.
LaTeX Font Info:    ... okay on input line 21.
LaTeX Font Info:    Checking defaults for OMS/cmsy/m/n on input line 21.
LaTeX Font Info:    ... okay on input line 21.
LaTeX Font Info:    Checking defaults for OT1/cmr/m/n on input line 21.
LaTeX Font Info:    ... okay on input line 21.
LaTeX Font Info:    Checking defaults for T1/cmr/m/n on input line 21.
LaTeX Font Info:    ... okay on input line 21.
LaTeX Font Info:    Checking defaults for TS1/cmr/m/n on input line 21.
LaTeX Font Info:    ... okay on input line 21.
LaTeX Font Info:    Checking defaults for OMX/cmex/m/n on input line 21.
LaTeX Font Info:    ... okay on input line 21.
LaTeX Font Info:    Checking defaults for U/cmr/m/n on input line 21.
LaTeX Font Info:    ... okay on input line 21.
LaTeX Font Info:    Checking defaults for PD1/pdf/m/n on input line 21.
LaTeX Font Info:    ... okay on input line 21.
LaTeX Font Info:    Trying to load font information for OT1+ptm on input line 21.
 (/usr/local/texlive/2019/texmf-dist/tex/latex/psnfss/ot1ptm.fd
File: ot1ptm.fd 2001/06/04 font definitions for OT1/ptm.
) (/usr/local/texlive/2019/texmf-dist/tex/context/base/mkii/supp-pdf.mkii
[Loading MPS to PDF converter (version 2006.09.02).]
\scratchcounter=\count188
\scratchdimen=\dimen139
\scratchbox=\box46
\nofMPsegments=\count189
\nofMParguments=\count190
\everyMPshowfont=\toks18
\MPscratchCnt=\count191
\MPscratchDim=\dimen140
\MPnumerator=\count192
\makeMPintoPDFobject=\count193
\everyMPtoPDFconversion=\toks19
)
\AtBeginShipoutBox=\box47
Package hyperref Info: Link coloring ON on input line 21.
 (/usr/local/texlive/2019/texmf-dist/tex/latex/hyperref/nameref.sty
Package: nameref 2019/09/16 v2.46 Cross-referencing by name of section
 (/usr/local/texlive/2019/texmf-dist/tex/latex/refcount/refcount.sty
Package: refcount 2019/12/15 v3.6 Data extraction from label references (HO)
) (/usr/local/texlive/2019/texmf-dist/tex/generic/gettitlestring/gettitlestring.sty
Package: gettitlestring 2019/12/15 v1.6 Cleanup title references (HO)
)
\c@section@level=\count194
)
LaTeX Info: Redefining \ref on input line 21.
LaTeX Info: Redefining \pageref on input line 21.
LaTeX Info: Redefining \nameref on input line 21.
 (./main.out) (./main.out)
\@outlinefile=\write3
\openout3 = `main.out'.

LaTeX Font Info:    External font `cmex10' loaded for size
(Font)              <12> on input line 24.
LaTeX Font Info:    External font `cmex10' loaded for size
(Font)              <8> on input line 24.
LaTeX Font Info:    External font `cmex10' loaded for size
(Font)              <6> on input line 24.
 [1

{/usr/local/texlive/2019/texmf-var/fonts/map/pdftex/updmap/pdftex.map}]
LaTeX Font Info:    Trying to load font information for TS1+ptm on input line 42.
 (/usr/local/texlive/2019/texmf-dist/tex/latex/psnfss/ts1ptm.fd
File: ts1ptm.fd 2001/06/04 font definitions for TS1/ptm.
)
LaTeX Font Info:    Trying to load font information for OT1+pcr on input line 75.
 (/usr/local/texlive/2019/texmf-dist/tex/latex/psnfss/ot1pcr.fd
File: ot1pcr.fd 2001/06/04 font definitions for OT1/pcr.
) [2]
LaTeX Font Info:    External font `cmex10' loaded for size
(Font)              <7> on input line 98.
LaTeX Font Info:    External font `cmex10' loaded for size
(Font)              <5> on input line 98.
 [3] [4]
Overfull \hbox (14.58665pt too wide) in paragraph at lines 136--137
[]\OT1/ptm/b/n/10 keywords: \OT1/ptm/m/n/10 reinforcement-learning, Machine-Learning, chem-istry, proj-deepchemrl,
 []


Overfull \hbox (21.79999pt too wide) in paragraph at lines 149--150
[][] 
 []

[5]
Overfull \hbox (21.79999pt too wide) in paragraph at lines 177--178
[][] 
 []

[6]
Overfull \hbox (21.79999pt too wide) in paragraph at lines 205--206
[][] 
 []

[7]
Overfull \hbox (21.79999pt too wide) in paragraph at lines 233--234
[][] 
 []

[8]
Overfull \hbox (21.79999pt too wide) in paragraph at lines 266--267
[][] 
 []

[9]
Overfull \hbox (21.79999pt too wide) in paragraph at lines 294--295
[][] 
 []

[10]
Overfull \hbox (21.79999pt too wide) in paragraph at lines 336--337
[][] 
 []

[11]
Overfull \hbox (21.79999pt too wide) in paragraph at lines 364--365
[][] 
 []

[12]
Overfull \hbox (21.79999pt too wide) in paragraph at lines 392--393
[][] 
 []

[13]
Overfull \hbox (21.79999pt too wide) in paragraph at lines 420--421
[][] 
 []

[14]
Overfull \hbox (21.79999pt too wide) in paragraph at lines 449--450
[][] 
 []

[15]
Overfull \hbox (21.79999pt too wide) in paragraph at lines 477--478
[][] 
 []

[16]
Overfull \hbox (21.79999pt too wide) in paragraph at lines 505--506
[][] 
 []

[17]
Overfull \hbox (21.79999pt too wide) in paragraph at lines 533--534
[][] 
 []

[18]
Overfull \hbox (1.39757pt too wide) in paragraph at lines 544--544
[]\OT1/ptm/b/n/10 CanAI-2020 : Deep Multi Agent Re-in-force-ment Learn-ing for Au-tonomous
 []


Overfull \hbox (21.79999pt too wide) in paragraph at lines 561--562
[][] 
 []

[19]
Overfull \hbox (21.79999pt too wide) in paragraph at lines 590--591
[][] 
 []

[20]
Overfull \hbox (21.79999pt too wide) in paragraph at lines 618--619
[][] 
 []

[21]
Overfull \hbox (0.71738pt too wide) in paragraph at lines 629--629
[]\OT1/ptm/b/n/10 ICIAR-2020 : Back-pro-jec-tion for Train-ing Feed-for-ward Neu-ral Net-works
 []


Overfull \hbox (21.79999pt too wide) in paragraph at lines 646--647
[][] 
 []

[22]
Overfull \hbox (21.79999pt too wide) in paragraph at lines 674--675
[][] 
 []

[23]
Overfull \hbox (21.79999pt too wide) in paragraph at lines 702--703
[][] 
 []

[24]
Overfull \hbox (28.6765pt too wide) in paragraph at lines 722--723
[]\OT1/ptm/b/n/10 keywords: \OT1/ptm/m/n/10 Au-tonomous Driving,MARL,MARL,Multi-Agent-Systems,Reinforcement-
 []


Overfull \hbox (21.79999pt too wide) in paragraph at lines 735--736
[][] 
 []

[25]
Overfull \hbox (21.79999pt too wide) in paragraph at lines 763--764
[][] 
 []

[26]
Overfull \hbox (21.79999pt too wide) in paragraph at lines 791--792
[][] 
 []

[27]
Overfull \hbox (21.79999pt too wide) in paragraph at lines 819--820
[][] 
 []

[28]
Overfull \hbox (21.79999pt too wide) in paragraph at lines 847--848
[][] 
 []

[29] [30]
Overfull \hbox (14.58665pt too wide) in paragraph at lines 863--864
[]\OT1/ptm/b/n/10 keywords: \OT1/ptm/m/n/10 reinforcement-learning, Machine-Learning, chem-istry, proj-deepchemrl,
 []


Overfull \hbox (21.79999pt too wide) in paragraph at lines 876--877
[][] 
 []

[31]
Overfull \hbox (21.79999pt too wide) in paragraph at lines 904--905
[][] 
 []

[32]
Overfull \hbox (21.79999pt too wide) in paragraph at lines 932--933
[][] 
 []

[33]
Overfull \hbox (21.79999pt too wide) in paragraph at lines 960--961
[][] 
 []

[34]
Overfull \hbox (21.79999pt too wide) in paragraph at lines 988--989
[][] 
 []

[35]
Overfull \hbox (21.79999pt too wide) in paragraph at lines 1030--1031
[][] 
 []

[36]
Overfull \hbox (21.79999pt too wide) in paragraph at lines 1058--1059
[][] 
 []

[37]
Overfull \hbox (21.79999pt too wide) in paragraph at lines 1087--1088
[][] 
 []

[38]
Overfull \hbox (21.79999pt too wide) in paragraph at lines 1115--1116
[][] 
 []

[39]
Overfull \hbox (1.39757pt too wide) in paragraph at lines 1126--1126
[]\OT1/ptm/b/n/10 CanAI-2020 : Deep Multi Agent Re-in-force-ment Learn-ing for Au-tonomous
 []


Overfull \hbox (21.79999pt too wide) in paragraph at lines 1143--1144
[][] 
 []

[40]
Overfull \hbox (21.79999pt too wide) in paragraph at lines 1171--1172
[][] 
 []

[41]
Overfull \hbox (21.79999pt too wide) in paragraph at lines 1199--1200
[][] 
 []

[42]
Overfull \hbox (21.79999pt too wide) in paragraph at lines 1227--1228
[][] 
 []

[43]
Overfull \hbox (10.69632pt too wide) in paragraph at lines 1242--1243
[]\OT1/ptm/b/n/10 keywords: \OT1/ptm/m/n/10 A3C,Computational-Sustainability,Wildfire-Management,Monte-Carlo
 []


Overfull \hbox (21.79999pt too wide) in paragraph at lines 1255--1256
[][] 
 []

[44]
Overfull \hbox (35.71667pt too wide) in paragraph at lines 1270--1271
[]\OT1/ptm/b/n/10 keywords: \OT1/ptm/m/n/10 A3C,deep learn-ing, Wildfire-Management,Machine Learning,Reinforcement-
 []


Overfull \hbox (21.79999pt too wide) in paragraph at lines 1283--1284
[][] 
 []

[45]
Overfull \hbox (21.79999pt too wide) in paragraph at lines 1311--1312
[][] 
 []

[46]
Overfull \hbox (21.79999pt too wide) in paragraph at lines 1339--1340
[][] 
 []

[47]
Overfull \hbox (108.46535pt too wide) in paragraph at lines 1354--1355
[]\OT1/ptm/b/n/10 keywords: \OT1/ptm/m/n/10 anomaly de-tec-tion,arrival curves,embedded systems,proj-MassiveTraceAnomalyDetection,trace
 []


Overfull \hbox (21.79999pt too wide) in paragraph at lines 1367--1368
[][] 
 []

[48]
Overfull \hbox (60.65616pt too wide) in paragraph at lines 1382--1383
[]\OT1/ptm/b/n/10 keywords: \OT1/ptm/m/n/10 Good-Turing,MDP,Markov-decision-processes,Computational-Sustainability,grant-
 []


Overfull \hbox (42.64607pt too wide) in paragraph at lines 1382--1383
\OT1/ptm/m/n/10 wici16,invasive species man-age-ment,Machine Learning,MDP,optimization,Reinforcement-
 []


Overfull \hbox (21.79999pt too wide) in paragraph at lines 1395--1396
[][] 
 []

[49]
Overfull \hbox (78.49542pt too wide) in paragraph at lines 1410--1411
\OT1/ptm/m/n/10 di-ent planning,Reinforcement-Learning,grant-wici16,proj-spatiallyspreadingprocess,spatiotemporal
 []


Overfull \hbox (21.79999pt too wide) in paragraph at lines 1423--1424
[][] 
 []

[50]
Overfull \hbox (32.80643pt too wide) in paragraph at lines 1438--1439
[]\OT1/ptm/b/n/10 keywords: \OT1/ptm/m/n/10 bio-economic modelling,Wildfire-Management,Wildfire-Management,grant-
 []


Overfull \hbox (21.79999pt too wide) in paragraph at lines 1451--1452
[][] 
 []

[51]
Overfull \hbox (1.36598pt too wide) in paragraph at lines 1466--1467
[]\OT1/ptm/b/n/10 keywords: \OT1/ptm/m/n/10 PAC learning,Computational-Sustainability,invasive species man-age-
 []


Overfull \hbox (21.79999pt too wide) in paragraph at lines 1479--1480
[][] 
 []

[52]
Overfull \hbox (21.79999pt too wide) in paragraph at lines 1507--1508
[][] 
 []

[53] (./main.bbl
Overfull \hbox (175.65991pt too wide) in paragraph at lines 76--83
\OT1/pcr/m/n/10 comparison-[]deep-[]learning-[]models-[]determining-[]road-[]surface-[]condition-[]roadside-[]camera$[][]\OT1/ptm/m/n/10 . 
 []

[54]
Underfull \hbox (badness 2600) in paragraph at lines 85--92
\OT1/ptm/m/n/10 Cal-gary, Canada, 2019.  URL [][]$\OT1/pcr/m/n/10 http : / / www . carsp . ca / research /
 []


Underfull \hbox (badness 10000) in paragraph at lines 85--92
\OT1/pcr/m/n/10 research-[]papers / research-[]papers-[]search / download-[]info /
 []


Overfull \hbox (291.65991pt too wide) in paragraph at lines 85--92
\OT1/pcr/m/n/10 integration-[]of-[]roadside-[]camera-[]images-[]and-[]weather-[]data-[]for-[]monitoring-[]winter-[]road-[]surface-[]conditions/$[][]\OT1/ptm/m/n/10 . 
 []


Underfull \hbox (badness 10000) in paragraph at lines 135--140
[]\OT1/ptm/m/n/10 Zhiyuan Du, Joseph Lull, Ra-jesh Mal-han, Sri-ram Gana-p-athi Sub-
 []


Underfull \hbox (badness 10000) in paragraph at lines 135--140
\OT1/ptm/m/n/10 ra-ma-nian, Sushrut Bhalla, Jaspreet Sam-bee, and Mark Crow-ley.
 []


Underfull \hbox (badness 10000) in paragraph at lines 135--140
\OT1/ptm/m/n/10 Multi-level col-lab-o-ra-tive con-trol sys-tem with dual neu-ral net-work
 []


Underfull \hbox (badness 10000) in paragraph at lines 135--140
\OT1/ptm/m/n/10 plan-ning for au-tonomous ve-hi-cle con-trol in a noisy en-vi-ron-ment.
 []

[55] [56] [57])
Package atveryend Info: Empty hook `BeforeClearDocument' on input line 1534.
 [58]
Package atveryend Info: Empty hook `AfterLastShipout' on input line 1534.
 (./main.aux)
Package atveryend Info: Executing hook `AtVeryEndDocument' on input line 1534.
Package atveryend Info: Executing hook `AtEndAfterFileList' on input line 1534.
Package rerunfilecheck Info: File `main.out' has not changed.
(rerunfilecheck)             Checksum: 79A26815B460C1552B98D45FE2CB611A;8788.
Package atveryend Info: Empty hook `AtVeryVeryEnd' on input line 1534.
 ) 
Here is how much of TeX's memory you used:
 6151 strings out of 480994
 93936 string characters out of 5912143
 358762 words of memory out of 5000000
 21407 multiletter control sequences out of 15000+600000
 548242 words of font info for 53 fonts, out of 8000000 for 9000
 1141 hyphenation exceptions out of 8191
 34i,6n,37p,3534b,486s stack positions out of 5000i,500n,10000p,200000b,80000s
{/usr/local/texlive/2019/texmf-dist/fonts/enc/dvips/base/8r.enc}</usr/local/texlive/2019/texmf-dist/fonts/type1/public/amsfonts/cm/cmmi10.pfb></usr/local/texlive/2019/texmf-dist/fonts/type1/urw/courier/ucrb8a.pfb></usr/local/texlive/2019/texmf-dist/fonts/type1/urw/courier/ucrr8a.pfb></usr/local/texlive/2019/texmf-dist/fonts/type1/urw/times/utmb8a.pfb></usr/local/texlive/2019/texmf-dist/fonts/type1/urw/times/utmr8a.pfb></usr/local/texlive/2019/texmf-dist/fonts/type1/urw/times/utmri8a.pfb>
Output written on main.pdf (58 pages, 206730 bytes).
PDF statistics:
 705 PDF objects out of 1000 (max. 8388607)
 632 compressed objects within 7 object streams
 164 named destinations out of 1000 (max. 500000)
 537 words of extra memory for PDF output out of 10000 (max. 10000000)

